<?xml version="1.0" encoding="UTF-8"?>
<testsuite name="com.example.assignment.service.DirectoryServiceTest" tests="5" skipped="0" failures="0" errors="0" timestamp="2025-05-03T13:10:31.432Z" hostname="NO-5CD2037NQG" time="1.328">
  <properties/>
  <testcase name="testGetNonPublicFilesInFolder11()" classname="com.example.assignment.service.DirectoryServiceTest" time="1.299"/>
  <testcase name="testGetSecretFiles()" classname="com.example.assignment.service.DirectoryServiceTest" time="0.007"/>
  <testcase name="testGetPublicFilesSize()" classname="com.example.assignment.service.DirectoryServiceTest" time="0.007"/>
  <testcase name="testGetSecretOrTopSecretFiles()" classname="com.example.assignment.service.DirectoryServiceTest" time="0.004"/>
  <testcase name="testGetTopSecretFiles()" classname="com.example.assignment.service.DirectoryServiceTest" time="0.003"/>
  <system-out><![CDATA[]]></system-out>
  <system-err><![CDATA[]]></system-err>
</testsuite>
